<?xml version="1.0" encoding="UTF-8"?>
<testng-results ignored="0" total="1" passed="1" failed="0" skipped="0">
  <reporter-output>
    <line>
      <![CDATA[Open Browser "OrangeHRM" web page]]>
    </line>
    <line>
      <![CDATA[Enter Username and Password]]>
    </line>
    <line>
      <![CDATA[Validate that you have logged in successfully]]>
    </line>
    <line>
      <![CDATA[Click Admin - Go to the admin page]]>
    </line>
    <line>
      <![CDATA[Click Add]]>
    </line>
    <line>
      <![CDATA[Enter valid Employee Name]]>
    </line>
    <line>
      <![CDATA[Enter valid Employee Name]]>
    </line>
    <line>
      <![CDATA[Change Status Disabled]]>
    </line>
    <line>
      <![CDATA[Click Save]]>
    </line>
    <line>
      <![CDATA[Open Browser "OrangeHRM" web page]]>
    </line>
    <line>
      <![CDATA[Enter Username and Password]]>
    </line>
    <line>
      <![CDATA[Validate that you have logged in successfully]]>
    </line>
    <line>
      <![CDATA[Click Admin - Go to the admin page]]>
    </line>
    <line>
      <![CDATA[Click Search]]>
    </line>
    <line>
      <![CDATA[Click Search]]>
    </line>
    <line>
      <![CDATA[Verify username exist in table]]>
    </line>
    <line>
      <![CDATA[Select User]]>
    </line>
    <line>
      <![CDATA[Click Delete]]>
    </line>
  </reporter-output>
  <suite started-at="2021-07-07T01:57:08Z" name="Default suite" finished-at="2021-07-07T01:58:10Z" duration-ms="61856">
    <groups>
    </groups>
    <test started-at="2021-07-07T01:57:08Z" name="Default test" finished-at="2021-07-07T01:58:10Z" duration-ms="61856">
      <class name="com.opensource.admin.qa.TC004_Admin_DeleteUser">
        <test-method is-config="true" signature="beforeTest()[pri:0, instance:com.opensource.admin.qa.TC004_Admin_DeleteUser@61eaec38]" started-at="2021-07-07T01:57:09Z" name="beforeTest" finished-at="2021-07-07T01:57:40Z" duration-ms="31859" status="PASS">
          <reporter-output>
            <line>
              <![CDATA[Open Browser "OrangeHRM" web page]]>
            </line>
            <line>
              <![CDATA[Enter Username and Password]]>
            </line>
            <line>
              <![CDATA[Validate that you have logged in successfully]]>
            </line>
            <line>
              <![CDATA[Click Admin - Go to the admin page]]>
            </line>
            <line>
              <![CDATA[Click Add]]>
            </line>
            <line>
              <![CDATA[Enter valid Employee Name]]>
            </line>
            <line>
              <![CDATA[Enter valid Employee Name]]>
            </line>
            <line>
              <![CDATA[Change Status Disabled]]>
            </line>
            <line>
              <![CDATA[Click Save]]>
            </line>
          </reporter-output>
        </test-method> <!-- beforeTest -->
        <test-method signature="TC004_Admin_DeleteUser_Script()[pri:0, instance:com.opensource.admin.qa.TC004_Admin_DeleteUser@61eaec38]" started-at="2021-07-07T01:57:40Z" name="TC004_Admin_DeleteUser_Script" finished-at="2021-07-07T01:58:10Z" duration-ms="29881" status="PASS">
          <reporter-output>
            <line>
              <![CDATA[Open Browser "OrangeHRM" web page]]>
            </line>
            <line>
              <![CDATA[Enter Username and Password]]>
            </line>
            <line>
              <![CDATA[Validate that you have logged in successfully]]>
            </line>
            <line>
              <![CDATA[Click Admin - Go to the admin page]]>
            </line>
            <line>
              <![CDATA[Click Search]]>
            </line>
            <line>
              <![CDATA[Click Search]]>
            </line>
            <line>
              <![CDATA[Verify username exist in table]]>
            </line>
            <line>
              <![CDATA[Select User]]>
            </line>
            <line>
              <![CDATA[Click Delete]]>
            </line>
          </reporter-output>
        </test-method> <!-- TC004_Admin_DeleteUser_Script -->
        <test-method is-config="true" signature="afterTest()[pri:0, instance:com.opensource.admin.qa.TC004_Admin_DeleteUser@61eaec38]" started-at="2021-07-07T01:58:10Z" name="afterTest" finished-at="2021-07-07T01:58:10Z" duration-ms="0" status="PASS">
          <reporter-output>
          </reporter-output>
        </test-method> <!-- afterTest -->
      </class> <!-- com.opensource.admin.qa.TC004_Admin_DeleteUser -->
    </test> <!-- Default test -->
  </suite> <!-- Default suite -->
</testng-results>
